{"numTotalTestSuites":10,"numPassedTestSuites":10,"numFailedTestSuites":0,"numPendingTestSuites":0,"numTotalTests":15,"numPassedTests":15,"numFailedTests":0,"numPendingTests":0,"numTodoTests":0,"snapshot":{"added":0,"failure":false,"filesAdded":0,"filesRemoved":0,"filesRemovedList":[],"filesUnmatched":0,"filesUpdated":0,"matched":0,"total":0,"unchecked":0,"uncheckedKeysByFile":[],"unmatched":0,"updated":0,"didUpdate":false},"startTime":1754515849861,"success":true,"testResults":[{"assertionResults":[{"ancestorTitles":["NLP Processing System","File Upload Processing"],"fullName":"NLP Processing System File Upload Processing should process file upload successfully","status":"passed","title":"should process file upload successfully","duration":0.4512919999999667,"failureMessages":[],"meta":{}},{"ancestorTitles":["NLP Processing System","File Upload Processing"],"fullName":"NLP Processing System File Upload Processing should reject files that are too large","status":"passed","title":"should reject files that are too large","duration":0.0625,"failureMessages":[],"meta":{}},{"ancestorTitles":["NLP Processing System","File Upload Processing"],"fullName":"NLP Processing System File Upload Processing should reject empty files","status":"passed","title":"should reject empty files","duration":0.0394579999999678,"failureMessages":[],"meta":{}},{"ancestorTitles":["NLP Processing System","Document Processing"],"fullName":"NLP Processing System Document Processing should process document with default options","status":"passed","title":"should process document with default options","duration":0.04362500000002001,"failureMessages":[],"meta":{}},{"ancestorTitles":["NLP Processing System","Document Processing"],"fullName":"NLP Processing System Document Processing should process document with custom options","status":"passed","title":"should process document with custom options","duration":0.04187500000000455,"failureMessages":[],"meta":{}},{"ancestorTitles":["NLP Processing System","BM25 Indexing"],"fullName":"NLP Processing System BM25 Indexing should create BM25 index successfully","status":"passed","title":"should create BM25 index successfully","duration":0.051458000000025095,"failureMessages":[],"meta":{}},{"ancestorTitles":["NLP Processing System"],"fullName":"NLP Processing System should create BM25 index with custom config","status":"passed","title":"should create BM25 index with custom config","duration":0.038457999999991443,"failureMessages":[],"meta":{}},{"ancestorTitles":["Search Functionality"],"fullName":"Search Functionality should perform search successfully","status":"passed","title":"should perform search successfully","duration":0.034667000000013104,"failureMessages":[],"meta":{}},{"ancestorTitles":["Batch Processing"],"fullName":"Batch Processing should process multiple files in batch","status":"passed","title":"should process multiple files in batch","duration":0.04387500000007094,"failureMessages":[],"meta":{}},{"ancestorTitles":["Event Streaming"],"fullName":"Event Streaming should stream file upload events","status":"passed","title":"should stream file upload events","duration":0.04745900000000347,"failureMessages":[],"meta":{}},{"ancestorTitles":["Event Streaming"],"fullName":"Event Streaming should stream document processing events","status":"passed","title":"should stream document processing events","duration":0.030833000000029642,"failureMessages":[],"meta":{}},{"ancestorTitles":["Statistics and Monitoring"],"fullName":"Statistics and Monitoring should provide processing statistics","status":"passed","title":"should provide processing statistics","duration":0.0246670000000222,"failureMessages":[],"meta":{}},{"ancestorTitles":["Statistics and Monitoring"],"fullName":"Statistics and Monitoring should provide event history","status":"passed","title":"should provide event history","duration":0.02370799999994233,"failureMessages":[],"meta":{}},{"ancestorTitles":["Utility Functions"],"fullName":"Utility Functions should process file upload with utility function","status":"passed","title":"should process file upload with utility function","duration":0.026834000000008018,"failureMessages":[],"meta":{}},{"ancestorTitles":["Utility Functions"],"fullName":"Utility Functions should search documents with utility function","status":"passed","title":"should search documents with utility function","duration":0.022832999999991443,"failureMessages":[],"meta":{}}],"startTime":1754515850316,"endTime":1754515850318.0269,"status":"passed","message":"","name":"/Users/pooks/Dev/adjoint/packages/domain/test/nlp/processing.test.ts"}]}